<?xml version="1.0" encoding="UTF-8"?>
<!-- Generated by org.testng.reporters.JUnitReportReporter -->
<testsuite skipped="0" hostname="Piyush" name="createJSONUsingPOJO.TestUser" tests="1" failures="0" timestamp="06 Aug 2023 15:20:59 GMT" time="8.774" errors="0">
  <testcase name="createUser" time="8.774" classname="createJSONUsingPOJO.TestUser"/>
</testsuite> <!-- createJSONUsingPOJO.TestUser -->
