<?xml version="1.0" encoding="UTF-8"?>
<!-- Generated by org.testng.reporters.JUnitReportReporter -->
<testsuite skipped="0" hostname="Piyush" name="restBasics.SampleTestCases" tests="4" failures="0" timestamp="17 Jun 2023 16:20:39 GMT" time="6.772" errors="0">
  <testcase name="sendPostReq" time="5.039" classname="restBasics.SampleTestCases"/>
  <testcase name="sendRequest" time="0.426" classname="restBasics.SampleTestCases"/>
  <testcase name="updateCustomer" time="0.710" classname="restBasics.SampleTestCases"/>
  <testcase name="deleteCustomer" time="0.597" classname="restBasics.SampleTestCases"/>
</testsuite> <!-- restBasics.SampleTestCases -->
