<?xml version="1.0" encoding="UTF-8"?>
<!-- Generated by org.testng.reporters.JUnitReportReporter -->
<testsuite skipped="0" hostname="Piyush" name="jsonCreation.JsonObjAndArray" tests="2" failures="0" timestamp="09 Jul 2023 15:49:41 GMT" time="5.738" errors="0">
  <testcase name="createUser" time="4.674" classname="jsonCreation.JsonObjAndArray"/>
  <testcase name="createTwoUser" time="1.064" classname="jsonCreation.JsonObjAndArray"/>
</testsuite> <!-- jsonCreation.JsonObjAndArray -->
