<?xml version="1.0" encoding="UTF-8"?>
<!-- Generated by org.testng.reporters.JUnitReportReporter -->
<testsuite skipped="0" hostname="Piyush" name="jsonCreation.CollectionMapAndList" tests="1" failures="0" timestamp="09 Jul 2023 15:58:00 GMT" time="5.255" errors="0">
  <testcase name="createUserUsingCollection" time="5.255" classname="jsonCreation.CollectionMapAndList"/>
</testsuite> <!-- jsonCreation.CollectionMapAndList -->
